Start testing: Jul 11 10:09 CST
----------------------------------------------------------
11/22 Testing: test_bridge_bevel
11/22 Test: test_bridge_bevel
Command: "/Users/djhuang/PCG-AI/pcg-core/build-debug/test_bridge_bevel"
Directory: /Users/djhuang/PCG-AI/pcg-core/tests
"test_bridge_bevel" start time: Jul 11 10:09 CST
Output:
----------------------------------------------------------
PASS: bridge-demo GroupCreate+Bevel (2188 verts, 7464 indices, 163 ms, zero=315)
FAIL: lowpoly-sedan has boundary edges after bevel (728)
<end of output>
Test time =  10.59 sec
----------------------------------------------------------
Test Failed.
"test_bridge_bevel" end time: Jul 11 10:09 CST
"test_bridge_bevel" time elapsed: 00:00:10
----------------------------------------------------------

End testing: Jul 11 10:09 CST
