Start testing: Jul 11 16:13 CST
----------------------------------------------------------
2/22 Testing: test_data
2/22 Test: test_data
Command: "/Users/djhuang/PCG-AI/pcg-core/build-debug/test_data"
Directory: /Users/djhuang/PCG-AI/pcg-core/build-debug
"test_data" start time: Jul 11 16:13 CST
Output:
----------------------------------------------------------
Assertion failed: (collection.primary_json().contains("points")), function main, file test_data.cpp, line 41.
PASS: PcgPointData round-trip
<end of output>
Test time =   0.04 sec
----------------------------------------------------------
Test Failed.
"test_data" end time: Jul 11 16:13 CST
"test_data" time elapsed: 00:00:00
----------------------------------------------------------

End testing: Jul 11 16:13 CST
